<?xml version="1.0" encoding="UTF-8"?>
<testng-results ignored="0" total="1" passed="1" failed="0" skipped="0">
  <reporter-output>
  </reporter-output>
  <suite started-at="2025-10-28T11:30:24 IST" name="Default suite" finished-at="2025-10-28T11:30:24 IST" duration-ms="79">
    <groups>
    </groups>
    <test started-at="2025-10-28T11:30:24 IST" name="Default test" finished-at="2025-10-28T11:30:24 IST" duration-ms="79">
      <class name="demo.Demo">
        <test-method signature="prac()[pri:0, instance:demo.Demo@3eb25e1a]" started-at="2025-10-28T11:30:24 IST" name="prac" finished-at="2025-10-28T11:30:24 IST" duration-ms="15" status="PASS">
          <reporter-output>
          </reporter-output>
        </test-method> <!-- prac -->
      </class> <!-- demo.Demo -->
    </test> <!-- Default test -->
  </suite> <!-- Default suite -->
</testng-results>
